-------------------------------------------------------------------------------
Test set: test.LoginTest
-------------------------------------------------------------------------------
Tests run: 2, Failures: 1, Errors: 0, Skipped: 0, Time elapsed: 21.57 sec <<< FAILURE!
invalidUserShouldBeAbleToLogin(test.LoginTest)  Time elapsed: 4.653 sec  <<< FAILURE!
java.lang.AssertionError: Invalid User was able to login!! expected [false] but found [true]
	at org.testng.Assert.fail(Assert.java:96)
	at org.testng.Assert.failNotEquals(Assert.java:776)
	at org.testng.Assert.assertFalse(Assert.java:65)
	at test.LoginTest.invalidUserShouldBeAbleToLogin(LoginTest.java:67)

